<?xml version="1.0" encoding="UTF-8"?>
<testsuite xmlns:xsi="http://www.w3.org/2001/XMLSchema-instance" xsi:noNamespaceSchemaLocation="https://maven.apache.org/surefire/maven-surefire-plugin/xsd/surefire-test-report.xsd" name="com.dist.demo.SpringBootAicdApplicationTests" time="3.999" tests="1" errors="0" skipped="0" failures="0">
  <properties>
    <property name="sun.desktop" value="windows"/>
    <property name="awt.toolkit" value="sun.awt.windows.WToolkit"/>
    <property name="file.encoding.pkg" value="sun.io"/>
    <property name="java.specification.version" value="1.8"/>
    <property name="sun.cpu.isalist" value="pentium_pro+mmx pentium_pro pentium+mmx pentium i486 i386 i86"/>
    <property name="sun.jnu.encoding" value="GBK"/>
    <property name="java.class.path" value="D:\java代码\ElipseForee源代码\springBoot-AICD\target\test-classes;D:\java代码\ElipseForee源代码\springBoot-AICD\target\classes;D:\Maven\nei\org\springframework\boot\spring-boot-starter-jta-atomikos\2.0.5.RELEASE\spring-boot-starter-jta-atomikos-2.0.5.RELEASE.jar;D:\Maven\nei\org\springframework\boot\spring-boot-starter\2.0.5.RELEASE\spring-boot-starter-2.0.5.RELEASE.jar;D:\Maven\nei\org\springframework\boot\spring-boot\2.0.5.RELEASE\spring-boot-2.0.5.RELEASE.jar;D:\Maven\nei\org\springframework\boot\spring-boot-autoconfigure\2.0.5.RELEASE\spring-boot-autoconfigure-2.0.5.RELEASE.jar;D:\Maven\nei\org\springframework\boot\spring-boot-starter-logging\2.0.5.RELEASE\spring-boot-starter-logging-2.0.5.RELEASE.jar;D:\Maven\nei\ch\qos\logback\logback-classic\1.2.3\logback-classic-1.2.3.jar;D:\Maven\nei\ch\qos\logback\logback-core\1.2.3\logback-core-1.2.3.jar;D:\Maven\nei\org\apache\logging\log4j\log4j-to-slf4j\2.10.0\log4j-to-slf4j-2.10.0.jar;D:\Maven\nei\org\apache\logging\log4j\log4j-api\2.10.0\log4j-api-2.10.0.jar;D:\Maven\nei\org\slf4j\jul-to-slf4j\1.7.25\jul-to-slf4j-1.7.25.jar;D:\Maven\nei\javax\annotation\javax.annotation-api\1.3.2\javax.annotation-api-1.3.2.jar;D:\Maven\nei\org\yaml\snakeyaml\1.19\snakeyaml-1.19.jar;D:\Maven\nei\com\atomikos\transactions-jms\4.0.6\transactions-jms-4.0.6.jar;D:\Maven\nei\com\atomikos\transactions-jta\4.0.6\transactions-jta-4.0.6.jar;D:\Maven\nei\com\atomikos\transactions-api\4.0.6\transactions-api-4.0.6.jar;D:\Maven\nei\com\atomikos\transactions\4.0.6\transactions-4.0.6.jar;D:\Maven\nei\com\atomikos\atomikos-util\4.0.6\atomikos-util-4.0.6.jar;D:\Maven\nei\com\atomikos\transactions-jdbc\4.0.6\transactions-jdbc-4.0.6.jar;D:\Maven\nei\javax\transaction\javax.transaction-api\1.2\javax.transaction-api-1.2.jar;D:\Maven\nei\log4j\log4j\1.2.17\log4j-1.2.17.jar;D:\Maven\nei\org\springframework\boot\spring-boot-starter-aop\2.0.5.RELEASE\spring-boot-starter-aop-2.0.5.RELEASE.jar;D:\Maven\nei\org\springframework\spring-aop\5.0.9.RELEASE\spring-aop-5.0.9.RELEASE.jar;D:\Maven\nei\org\springframework\spring-beans\5.0.9.RELEASE\spring-beans-5.0.9.RELEASE.jar;D:\Maven\nei\org\aspectj\aspectjweaver\1.8.13\aspectjweaver-1.8.13.jar;D:\Maven\nei\org\springframework\boot\spring-boot-starter-cache\2.0.5.RELEASE\spring-boot-starter-cache-2.0.5.RELEASE.jar;D:\Maven\nei\org\springframework\spring-context\5.0.9.RELEASE\spring-context-5.0.9.RELEASE.jar;D:\Maven\nei\org\springframework\spring-expression\5.0.9.RELEASE\spring-expression-5.0.9.RELEASE.jar;D:\Maven\nei\org\springframework\spring-context-support\5.0.9.RELEASE\spring-context-support-5.0.9.RELEASE.jar;D:\Maven\nei\mysql\mysql-connector-java\5.1.21\mysql-connector-java-5.1.21.jar;D:\Maven\nei\org\mybatis\spring\boot\mybatis-spring-boot-starter\1.3.2\mybatis-spring-boot-starter-1.3.2.jar;D:\Maven\nei\org\mybatis\spring\boot\mybatis-spring-boot-autoconfigure\1.3.2\mybatis-spring-boot-autoconfigure-1.3.2.jar;D:\Maven\nei\org\mybatis\mybatis\3.4.6\mybatis-3.4.6.jar;D:\Maven\nei\org\mybatis\mybatis-spring\1.3.2\mybatis-spring-1.3.2.jar;D:\Maven\nei\org\springframework\boot\spring-boot-starter-jdbc\2.0.5.RELEASE\spring-boot-starter-jdbc-2.0.5.RELEASE.jar;D:\Maven\nei\com\zaxxer\HikariCP\2.7.9\HikariCP-2.7.9.jar;D:\Maven\nei\org\slf4j\slf4j-api\1.7.25\slf4j-api-1.7.25.jar;D:\Maven\nei\org\springframework\spring-jdbc\5.0.9.RELEASE\spring-jdbc-5.0.9.RELEASE.jar;D:\Maven\nei\org\springframework\spring-tx\5.0.9.RELEASE\spring-tx-5.0.9.RELEASE.jar;D:\Maven\nei\org\springframework\boot\spring-boot-starter-web\2.0.5.RELEASE\spring-boot-starter-web-2.0.5.RELEASE.jar;D:\Maven\nei\org\springframework\boot\spring-boot-starter-json\2.0.5.RELEASE\spring-boot-starter-json-2.0.5.RELEASE.jar;D:\Maven\nei\com\fasterxml\jackson\core\jackson-databind\2.9.6\jackson-databind-2.9.6.jar;D:\Maven\nei\com\fasterxml\jackson\core\jackson-annotations\2.9.0\jackson-annotations-2.9.0.jar;D:\Maven\nei\com\fasterxml\jackson\core\jackson-core\2.9.6\jackson-core-2.9.6.jar;D:\Maven\nei\com\fasterxml\jackson\datatype\jackson-datatype-jdk8\2.9.6\jackson-datatype-jdk8-2.9.6.jar;D:\Maven\nei\com\fasterxml\jackson\datatype\jackson-datatype-jsr310\2.9.6\jackson-datatype-jsr310-2.9.6.jar;D:\Maven\nei\com\fasterxml\jackson\module\jackson-module-parameter-names\2.9.6\jackson-module-parameter-names-2.9.6.jar;D:\Maven\nei\org\springframework\boot\spring-boot-starter-tomcat\2.0.5.RELEASE\spring-boot-starter-tomcat-2.0.5.RELEASE.jar;D:\Maven\nei\org\apache\tomcat\embed\tomcat-embed-core\8.5.34\tomcat-embed-core-8.5.34.jar;D:\Maven\nei\org\apache\tomcat\embed\tomcat-embed-el\8.5.34\tomcat-embed-el-8.5.34.jar;D:\Maven\nei\org\apache\tomcat\embed\tomcat-embed-websocket\8.5.34\tomcat-embed-websocket-8.5.34.jar;D:\Maven\nei\org\hibernate\validator\hibernate-validator\6.0.12.Final\hibernate-validator-6.0.12.Final.jar;D:\Maven\nei\javax\validation\validation-api\2.0.1.Final\validation-api-2.0.1.Final.jar;D:\Maven\nei\org\jboss\logging\jboss-logging\3.3.2.Final\jboss-logging-3.3.2.Final.jar;D:\Maven\nei\com\fasterxml\classmate\1.3.4\classmate-1.3.4.jar;D:\Maven\nei\org\springframework\spring-web\5.0.9.RELEASE\spring-web-5.0.9.RELEASE.jar;D:\Maven\nei\org\springframework\spring-webmvc\5.0.9.RELEASE\spring-webmvc-5.0.9.RELEASE.jar;D:\Maven\nei\org\springframework\boot\spring-boot-starter-test\2.0.5.RELEASE\spring-boot-starter-test-2.0.5.RELEASE.jar;D:\Maven\nei\org\springframework\boot\spring-boot-test\2.0.5.RELEASE\spring-boot-test-2.0.5.RELEASE.jar;D:\Maven\nei\org\springframework\boot\spring-boot-test-autoconfigure\2.0.5.RELEASE\spring-boot-test-autoconfigure-2.0.5.RELEASE.jar;D:\Maven\nei\com\jayway\jsonpath\json-path\2.4.0\json-path-2.4.0.jar;D:\Maven\nei\net\minidev\json-smart\2.3\json-smart-2.3.jar;D:\Maven\nei\net\minidev\accessors-smart\1.2\accessors-smart-1.2.jar;D:\Maven\nei\org\ow2\asm\asm\5.0.4\asm-5.0.4.jar;D:\Maven\nei\junit\junit\4.12\junit-4.12.jar;D:\Maven\nei\org\assertj\assertj-core\3.9.1\assertj-core-3.9.1.jar;D:\Maven\nei\org\mockito\mockito-core\2.15.0\mockito-core-2.15.0.jar;D:\Maven\nei\net\bytebuddy\byte-buddy\1.7.11\byte-buddy-1.7.11.jar;D:\Maven\nei\net\bytebuddy\byte-buddy-agent\1.7.11\byte-buddy-agent-1.7.11.jar;D:\Maven\nei\org\objenesis\objenesis\2.6\objenesis-2.6.jar;D:\Maven\nei\org\hamcrest\hamcrest-core\1.3\hamcrest-core-1.3.jar;D:\Maven\nei\org\hamcrest\hamcrest-library\1.3\hamcrest-library-1.3.jar;D:\Maven\nei\org\skyscreamer\jsonassert\1.5.0\jsonassert-1.5.0.jar;D:\Maven\nei\com\vaadin\external\google\android-json\0.0.20131108.vaadin1\android-json-0.0.20131108.vaadin1.jar;D:\Maven\nei\org\springframework\spring-core\5.0.9.RELEASE\spring-core-5.0.9.RELEASE.jar;D:\Maven\nei\org\springframework\spring-jcl\5.0.9.RELEASE\spring-jcl-5.0.9.RELEASE.jar;D:\Maven\nei\org\springframework\spring-test\5.0.9.RELEASE\spring-test-5.0.9.RELEASE.jar;D:\Maven\nei\org\xmlunit\xmlunit-core\2.5.1\xmlunit-core-2.5.1.jar;D:\Maven\nei\org\springframework\boot\spring-boot-configuration-processor\2.0.5.RELEASE\spring-boot-configuration-processor-2.0.5.RELEASE.jar;"/>
    <property name="java.vm.vendor" value="Oracle Corporation"/>
    <property name="sun.arch.data.model" value="32"/>
    <property name="user.variant" value=""/>
    <property name="java.vendor.url" value="http://java.oracle.com/"/>
    <property name="user.timezone" value=""/>
    <property name="java.vm.specification.version" value="1.8"/>
    <property name="os.name" value="Windows 7"/>
    <property name="user.country" value="CN"/>
    <property name="sun.java.launcher" value="SUN_STANDARD"/>
    <property name="sun.boot.library.path" value="D:\JDK8\jre\bin"/>
    <property name="sun.java.command" value="C:\Users\ADMINI~1\AppData\Local\Temp\surefire86083004241620226\surefirebooter8268053869136506951.jar C:\Users\Administrator\AppData\Local\Temp\surefire86083004241620226 2018-10-09T23-43-32_973-jvmRun1 surefire4266299508618684133tmp surefire_0340341746796921152tmp"/>
    <property name="surefire.test.class.path" value="D:\java代码\ElipseForee源代码\springBoot-AICD\target\test-classes;D:\java代码\ElipseForee源代码\springBoot-AICD\target\classes;D:\Maven\nei\org\springframework\boot\spring-boot-starter-jta-atomikos\2.0.5.RELEASE\spring-boot-starter-jta-atomikos-2.0.5.RELEASE.jar;D:\Maven\nei\org\springframework\boot\spring-boot-starter\2.0.5.RELEASE\spring-boot-starter-2.0.5.RELEASE.jar;D:\Maven\nei\org\springframework\boot\spring-boot\2.0.5.RELEASE\spring-boot-2.0.5.RELEASE.jar;D:\Maven\nei\org\springframework\boot\spring-boot-autoconfigure\2.0.5.RELEASE\spring-boot-autoconfigure-2.0.5.RELEASE.jar;D:\Maven\nei\org\springframework\boot\spring-boot-starter-logging\2.0.5.RELEASE\spring-boot-starter-logging-2.0.5.RELEASE.jar;D:\Maven\nei\ch\qos\logback\logback-classic\1.2.3\logback-classic-1.2.3.jar;D:\Maven\nei\ch\qos\logback\logback-core\1.2.3\logback-core-1.2.3.jar;D:\Maven\nei\org\apache\logging\log4j\log4j-to-slf4j\2.10.0\log4j-to-slf4j-2.10.0.jar;D:\Maven\nei\org\apache\logging\log4j\log4j-api\2.10.0\log4j-api-2.10.0.jar;D:\Maven\nei\org\slf4j\jul-to-slf4j\1.7.25\jul-to-slf4j-1.7.25.jar;D:\Maven\nei\javax\annotation\javax.annotation-api\1.3.2\javax.annotation-api-1.3.2.jar;D:\Maven\nei\org\yaml\snakeyaml\1.19\snakeyaml-1.19.jar;D:\Maven\nei\com\atomikos\transactions-jms\4.0.6\transactions-jms-4.0.6.jar;D:\Maven\nei\com\atomikos\transactions-jta\4.0.6\transactions-jta-4.0.6.jar;D:\Maven\nei\com\atomikos\transactions-api\4.0.6\transactions-api-4.0.6.jar;D:\Maven\nei\com\atomikos\transactions\4.0.6\transactions-4.0.6.jar;D:\Maven\nei\com\atomikos\atomikos-util\4.0.6\atomikos-util-4.0.6.jar;D:\Maven\nei\com\atomikos\transactions-jdbc\4.0.6\transactions-jdbc-4.0.6.jar;D:\Maven\nei\javax\transaction\javax.transaction-api\1.2\javax.transaction-api-1.2.jar;D:\Maven\nei\log4j\log4j\1.2.17\log4j-1.2.17.jar;D:\Maven\nei\org\springframework\boot\spring-boot-starter-aop\2.0.5.RELEASE\spring-boot-starter-aop-2.0.5.RELEASE.jar;D:\Maven\nei\org\springframework\spring-aop\5.0.9.RELEASE\spring-aop-5.0.9.RELEASE.jar;D:\Maven\nei\org\springframework\spring-beans\5.0.9.RELEASE\spring-beans-5.0.9.RELEASE.jar;D:\Maven\nei\org\aspectj\aspectjweaver\1.8.13\aspectjweaver-1.8.13.jar;D:\Maven\nei\org\springframework\boot\spring-boot-starter-cache\2.0.5.RELEASE\spring-boot-starter-cache-2.0.5.RELEASE.jar;D:\Maven\nei\org\springframework\spring-context\5.0.9.RELEASE\spring-context-5.0.9.RELEASE.jar;D:\Maven\nei\org\springframework\spring-expression\5.0.9.RELEASE\spring-expression-5.0.9.RELEASE.jar;D:\Maven\nei\org\springframework\spring-context-support\5.0.9.RELEASE\spring-context-support-5.0.9.RELEASE.jar;D:\Maven\nei\mysql\mysql-connector-java\5.1.21\mysql-connector-java-5.1.21.jar;D:\Maven\nei\org\mybatis\spring\boot\mybatis-spring-boot-starter\1.3.2\mybatis-spring-boot-starter-1.3.2.jar;D:\Maven\nei\org\mybatis\spring\boot\mybatis-spring-boot-autoconfigure\1.3.2\mybatis-spring-boot-autoconfigure-1.3.2.jar;D:\Maven\nei\org\mybatis\mybatis\3.4.6\mybatis-3.4.6.jar;D:\Maven\nei\org\mybatis\mybatis-spring\1.3.2\mybatis-spring-1.3.2.jar;D:\Maven\nei\org\springframework\boot\spring-boot-starter-jdbc\2.0.5.RELEASE\spring-boot-starter-jdbc-2.0.5.RELEASE.jar;D:\Maven\nei\com\zaxxer\HikariCP\2.7.9\HikariCP-2.7.9.jar;D:\Maven\nei\org\slf4j\slf4j-api\1.7.25\slf4j-api-1.7.25.jar;D:\Maven\nei\org\springframework\spring-jdbc\5.0.9.RELEASE\spring-jdbc-5.0.9.RELEASE.jar;D:\Maven\nei\org\springframework\spring-tx\5.0.9.RELEASE\spring-tx-5.0.9.RELEASE.jar;D:\Maven\nei\org\springframework\boot\spring-boot-starter-web\2.0.5.RELEASE\spring-boot-starter-web-2.0.5.RELEASE.jar;D:\Maven\nei\org\springframework\boot\spring-boot-starter-json\2.0.5.RELEASE\spring-boot-starter-json-2.0.5.RELEASE.jar;D:\Maven\nei\com\fasterxml\jackson\core\jackson-databind\2.9.6\jackson-databind-2.9.6.jar;D:\Maven\nei\com\fasterxml\jackson\core\jackson-annotations\2.9.0\jackson-annotations-2.9.0.jar;D:\Maven\nei\com\fasterxml\jackson\core\jackson-core\2.9.6\jackson-core-2.9.6.jar;D:\Maven\nei\com\fasterxml\jackson\datatype\jackson-datatype-jdk8\2.9.6\jackson-datatype-jdk8-2.9.6.jar;D:\Maven\nei\com\fasterxml\jackson\datatype\jackson-datatype-jsr310\2.9.6\jackson-datatype-jsr310-2.9.6.jar;D:\Maven\nei\com\fasterxml\jackson\module\jackson-module-parameter-names\2.9.6\jackson-module-parameter-names-2.9.6.jar;D:\Maven\nei\org\springframework\boot\spring-boot-starter-tomcat\2.0.5.RELEASE\spring-boot-starter-tomcat-2.0.5.RELEASE.jar;D:\Maven\nei\org\apache\tomcat\embed\tomcat-embed-core\8.5.34\tomcat-embed-core-8.5.34.jar;D:\Maven\nei\org\apache\tomcat\embed\tomcat-embed-el\8.5.34\tomcat-embed-el-8.5.34.jar;D:\Maven\nei\org\apache\tomcat\embed\tomcat-embed-websocket\8.5.34\tomcat-embed-websocket-8.5.34.jar;D:\Maven\nei\org\hibernate\validator\hibernate-validator\6.0.12.Final\hibernate-validator-6.0.12.Final.jar;D:\Maven\nei\javax\validation\validation-api\2.0.1.Final\validation-api-2.0.1.Final.jar;D:\Maven\nei\org\jboss\logging\jboss-logging\3.3.2.Final\jboss-logging-3.3.2.Final.jar;D:\Maven\nei\com\fasterxml\classmate\1.3.4\classmate-1.3.4.jar;D:\Maven\nei\org\springframework\spring-web\5.0.9.RELEASE\spring-web-5.0.9.RELEASE.jar;D:\Maven\nei\org\springframework\spring-webmvc\5.0.9.RELEASE\spring-webmvc-5.0.9.RELEASE.jar;D:\Maven\nei\org\springframework\boot\spring-boot-starter-test\2.0.5.RELEASE\spring-boot-starter-test-2.0.5.RELEASE.jar;D:\Maven\nei\org\springframework\boot\spring-boot-test\2.0.5.RELEASE\spring-boot-test-2.0.5.RELEASE.jar;D:\Maven\nei\org\springframework\boot\spring-boot-test-autoconfigure\2.0.5.RELEASE\spring-boot-test-autoconfigure-2.0.5.RELEASE.jar;D:\Maven\nei\com\jayway\jsonpath\json-path\2.4.0\json-path-2.4.0.jar;D:\Maven\nei\net\minidev\json-smart\2.3\json-smart-2.3.jar;D:\Maven\nei\net\minidev\accessors-smart\1.2\accessors-smart-1.2.jar;D:\Maven\nei\org\ow2\asm\asm\5.0.4\asm-5.0.4.jar;D:\Maven\nei\junit\junit\4.12\junit-4.12.jar;D:\Maven\nei\org\assertj\assertj-core\3.9.1\assertj-core-3.9.1.jar;D:\Maven\nei\org\mockito\mockito-core\2.15.0\mockito-core-2.15.0.jar;D:\Maven\nei\net\bytebuddy\byte-buddy\1.7.11\byte-buddy-1.7.11.jar;D:\Maven\nei\net\bytebuddy\byte-buddy-agent\1.7.11\byte-buddy-agent-1.7.11.jar;D:\Maven\nei\org\objenesis\objenesis\2.6\objenesis-2.6.jar;D:\Maven\nei\org\hamcrest\hamcrest-core\1.3\hamcrest-core-1.3.jar;D:\Maven\nei\org\hamcrest\hamcrest-library\1.3\hamcrest-library-1.3.jar;D:\Maven\nei\org\skyscreamer\jsonassert\1.5.0\jsonassert-1.5.0.jar;D:\Maven\nei\com\vaadin\external\google\android-json\0.0.20131108.vaadin1\android-json-0.0.20131108.vaadin1.jar;D:\Maven\nei\org\springframework\spring-core\5.0.9.RELEASE\spring-core-5.0.9.RELEASE.jar;D:\Maven\nei\org\springframework\spring-jcl\5.0.9.RELEASE\spring-jcl-5.0.9.RELEASE.jar;D:\Maven\nei\org\springframework\spring-test\5.0.9.RELEASE\spring-test-5.0.9.RELEASE.jar;D:\Maven\nei\org\xmlunit\xmlunit-core\2.5.1\xmlunit-core-2.5.1.jar;D:\Maven\nei\org\springframework\boot\spring-boot-configuration-processor\2.0.5.RELEASE\spring-boot-configuration-processor-2.0.5.RELEASE.jar;"/>
    <property name="sun.cpu.endian" value="little"/>
    <property name="user.home" value="C:\Users\Administrator"/>
    <property name="user.language" value="zh"/>
    <property name="java.specification.vendor" value="Oracle Corporation"/>
    <property name="java.home" value="D:\JDK8\jre"/>
    <property name="basedir" value="D:\java代码\ElipseForee源代码\springBoot-AICD"/>
    <property name="file.separator" value="\"/>
    <property name="line.separator" value="&#10;"/>
    <property name="java.vm.specification.vendor" value="Oracle Corporation"/>
    <property name="java.specification.name" value="Java Platform API Specification"/>
    <property name="java.awt.graphicsenv" value="sun.awt.Win32GraphicsEnvironment"/>
    <property name="surefire.real.class.path" value="C:\Users\ADMINI~1\AppData\Local\Temp\surefire86083004241620226\surefirebooter8268053869136506951.jar"/>
    <property name="sun.boot.class.path" value="D:\JDK8\jre\lib\resources.jar;D:\JDK8\jre\lib\rt.jar;D:\JDK8\jre\lib\sunrsasign.jar;D:\JDK8\jre\lib\jsse.jar;D:\JDK8\jre\lib\jce.jar;D:\JDK8\jre\lib\charsets.jar;D:\JDK8\jre\lib\jfr.jar;D:\JDK8\jre\classes"/>
    <property name="user.script" value=""/>
    <property name="sun.management.compiler" value="HotSpot Client Compiler"/>
    <property name="java.runtime.version" value="1.8.0_151-b12"/>
    <property name="user.name" value="Administrator"/>
    <property name="path.separator" value=";"/>
    <property name="os.version" value="6.1"/>
    <property name="java.endorsed.dirs" value="D:\JDK8\jre\lib\endorsed"/>
    <property name="java.runtime.name" value="Java(TM) SE Runtime Environment"/>
    <property name="file.encoding" value="GBK"/>
    <property name="java.vm.name" value="Java HotSpot(TM) Client VM"/>
    <property name="localRepository" value="D:\Maven\nei"/>
    <property name="java.vendor.url.bug" value="http://bugreport.sun.com/bugreport/"/>
    <property name="java.io.tmpdir" value="C:\Users\ADMINI~1\AppData\Local\Temp\"/>
    <property name="java.version" value="1.8.0_151"/>
    <property name="user.dir" value="D:\java代码\ElipseForee源代码\springBoot-AICD"/>
    <property name="os.arch" value="x86"/>
    <property name="java.vm.specification.name" value="Java Virtual Machine Specification"/>
    <property name="java.awt.printerjob" value="sun.awt.windows.WPrinterJob"/>
    <property name="sun.os.patch.level" value="Service Pack 1"/>
    <property name="java.library.path" value="D:\JDK8\jre\bin;C:\Windows\Sun\Java\bin;C:\Windows\system32;C:\Windows;E:\sh\;C:\ProgramData\Oracle\Java\javapath;D:\Oracle\product\11.2.0\dbhome_1\bin;D:\JDK\bin;D:\JDK\jre\bin;D:\Maven\apache-maven-3.5.0\bin;C:\Windows\system32;C:\Windows;C:\Windows\system32\wbem;D:\Tomcat9\bin;C:\Program Files\Microsoft\Web Platform Installer\;D:\Svn\bin;D:\Mysql\bin;C:\Program Files (x86)\NVIDIA Corporation\PhysX\Common;D:\JDK\Boot\bin;D:\Maven\apache-maven-3.5.0bin;D:\JDK8\bin;D:\mongodb\bin;D:\Oracle\clientDe\product\11.2.0\client_1\bin;D:\Apache24\bin;D:\Git\Git\cmd;D:\svn工具\bin;D:\gradle-4.9\bin;."/>
    <property name="java.vm.info" value="mixed mode, sharing"/>
    <property name="java.vendor" value="Oracle Corporation"/>
    <property name="java.vm.version" value="25.151-b12"/>
    <property name="java.ext.dirs" value="D:\JDK8\jre\lib\ext;C:\Windows\Sun\Java\lib\ext"/>
    <property name="sun.io.unicode.encoding" value="UnicodeLittle"/>
    <property name="java.class.version" value="52.0"/>
  </properties>
  <testcase name="contextLoads" classname="com.dist.demo.SpringBootAicdApplicationTests" time="0.078"/>
</testsuite>